proguard/seeds.txt
co.breezing.module.four.guidance.Guidance
co.breezing.module.four.guidance.Guidance: Guidance()
co.breezing.module.one.qrcode.thirdlib.capture.CaptureActivity
co.breezing.module.one.qrcode.thirdlib.capture.CaptureActivity: CaptureActivity()
co.breezing.module.one.qrcode.thirdlib.capture.CaptureActivityHandler$State: co.breezing.module.one.qrcode.thirdlib.capture.CaptureActivityHandler$State[] values()
co.breezing.module.one.qrcode.thirdlib.capture.CaptureActivityHandler$State: co.breezing.module.one.qrcode.thirdlib.capture.CaptureActivityHandler$State valueOf(java.lang.String)
co.breezing.module.one.qrcode.thirdlib.capture.IntentSource: co.breezing.module.one.qrcode.thirdlib.capture.IntentSource[] values()
co.breezing.module.one.qrcode.thirdlib.capture.IntentSource: co.breezing.module.one.qrcode.thirdlib.capture.IntentSource valueOf(java.lang.String)
co.breezing.module.one.qrcode.thirdlib.capture.PreferencesActivity
co.breezing.module.one.qrcode.thirdlib.capture.ViewfinderView
co.breezing.module.one.qrcode.thirdlib.capture.ViewfinderView: ViewfinderView(android.content.Context,android.util.AttributeSet)
...
android.support.v4.app.FragmentTabHost$SavedState$1
android.support.v4.app.FragmentTabHost$SavedState$1: FragmentTabHost$SavedState$1()
android.support.v4.app.FragmentTabHost$SavedState$1: android.support.v4.app.FragmentTabHost$SavedState createFromParcel(android.os.Parcel)
android.support.v4.app.FragmentTabHost$SavedState$1: android.support.v4.app.FragmentTabHost$SavedState[] newArray(int)
android.support.v4.app.FragmentTabHost$SavedState$1: java.lang.Object[] newArray(int)
android.support.v4.app.FragmentTabHost$SavedState$1: java.lang.Object createFromParcel(android.os.Parcel)
android.support.v4.app.FragmentTabHost$TabInfo
android.support.v4.app.FragmentTabHost$TabInfo: java.lang.String tag
android.support.v4.app.FragmentTabHost$TabInfo: java.lang.Class clss
android.support.v4.app.FragmentTabHost$TabInfo: android.os.Bundle args
android.support.v4.app.FragmentTabHost$TabInfo: android.support.v4.app.Fragment fragment
android.support.v4.app.FragmentTabHost$TabInfo: FragmentTabHost$TabInfo(java.lang.String,java.lang.Class,android.os.Bundle)
android.support.v4.app.FragmentTabHost$TabInfo: android.support.v4.app.Fragment access$102(android.support.v4.app.FragmentTabHost$TabInfo,android.support.v4.app.Fragment)
android.support.v4.app.FragmentTabHost$TabInfo: android.support.v4.app.Fragment access$100(android.support.v4.app.FragmentTabHost$TabInfo)
android.support.v4.app.FragmentTabHost$TabInfo: java.lang.String access$200(android.support.v4.app.FragmentTabHost$TabInfo)
android.support.v4.app.FragmentTabHost$TabInfo: java.lang.Class access$300(android.support.v4.app.FragmentTabHost$TabInfo)
android.support.v4.app.FragmentTabHost$TabInfo: android.os.Bundle access$400(android.support.v4.app.FragmentTabHost$TabInfo)
android.support.v4.app.FragmentTransaction
android.support.v4.app.FragmentTransaction: int TRANSIT_ENTER_MASK
android.support.v4.app.FragmentTransaction: int TRANSIT_EXIT_MASK
android.support.v4.app.FragmentTransaction: int TRANSIT_UNSET
android.support.v4.app.FragmentTransaction: int TRANSIT_NONE
android.support.v4.app.FragmentTransaction: int TRANSIT_FRAGMENT_OPEN
android.support.v4.app.FragmentTransaction: int TRANSIT_FRAGMENT_CLOSE
android.support.v4.app.FragmentTransaction: int TRANSIT_FRAGMENT_FADE
android.support.v4.app.FragmentTransaction: FragmentTransaction()
android.support.v4.app.FragmentTransaction: android.support.v4.app.FragmentTransaction add(android.support.v4.app.Fragment,java.lang.String)
android.support.v4.app.FragmentTransaction: android.support.v4.app.FragmentTransaction add(int,android.support.v4.app.Fragment)
android.support.v4.app.FragmentTransaction: android.support.v4.app.FragmentTransaction add(int,android.support.v4.app.Fragment,java.lang.String)
android.support.v4.app.FragmentTransaction: android.support.v4.app.FragmentTransaction replace(int,android.support.v4.app.Fragment)
android.support.v4.app.FragmentTransaction: android.support.v4.app.FragmentTransaction replace(int,android.support.v4.app.Fragment,java.lang.String)
android.support.v4.app.FragmentTransaction: android.support.v4.app.FragmentTransaction remove(android.support.v4.app.Fragment)