proguard/mapping.txt
co.breezing.module.eight.flowcalc.FlowCalculation -> co.breezing.module.a.a.a:
    java.lang.String tag -> a
    java.util.ArrayList cycle_index_initial -> b
    java.util.ArrayList cycle_index_final -> c
    java.util.ArrayList cycle_volume_initial -> d
    java.util.ArrayList cycle_volume_final -> e
    java.util.ArrayList etv -> f
    java.util.ArrayList etv_avg -> g
    java.util.ArrayList freq -> h
    java.util.ArrayList freq_avg -> i
    java.util.ArrayList ve_adaption -> j
    java.util.ArrayList ve_adaption_avg -> k
    java.util.ArrayList volume_list -> l
    double etv_sugg -> m
    double freq_sugg -> n
    double ve_sugg -> o
    java.util.ArrayList adaption_time -> p
    boolean increasing_flag -> q
    int cycle_index_i -> r
    int cycle_index_j -> s
    java.util.ArrayList thermistor_list -> t
    int start_index -> u
    int fin_index -> v
    double testTime -> w
    int frequency -> x
    double ve -> y
    double factor -> z
    double getEtv_sugg() -> a
    double getFreq_sugg() -> b
    double getVe_sugg() -> c
    java.util.ArrayList getEtv_avg() -> d
    java.util.ArrayList getFreq_avg() -> e
    java.util.ArrayList getVe_adaption_avg() -> f
    double getVe() -> g
    double getTestTime() -> h
    double getFactor() -> i
    boolean checkCycle(co.breezing.module.seven.dataTranslation.DataTranslation,int) -> a
    co.breezing.module.eight.flowcalc.FlowCalculation calcRealSuggData() -> j
co.breezing.module.eight.flowcalc.SaveBreathfreqFile -> co.breezing.module.a.a.b:
    java.lang.String tag -> a
    void saveBreathFreqAndTime(android.content.Context,double,double,double,double,int) -> a
co.breezing.module.eight.flowcalc.SaveBreathfreqFile$1 -> co.breezing.module.a.a.c:
    void onScanCompleted(java.lang.String,android.net.Uri) -> onScanCompleted
co.breezing.module.eleven.reerq.REERQCalc -> co.breezing.module.b.a.a:
    double ree -> a
    double rq -> b
    co.breezing.module.nine.absorbcalc.SavedAbsorbData savedAbsorbData -> c
    double getRee() -> a
    double getRq() -> b
    co.breezing.module.eleven.reerq.REERQCalc calculateREE_RQ(co.breezing.module.ten.concentration.ConcentrationCalc,co.breezing.module.eight.flowcalc.FlowCalculation,android.content.Context) -> a
co.breezing.module.eleven.reerq.RQDescription -> co.breezing.module.b.a.b:
    java.lang.String fat_str -> a
    java.lang.String mixed_str -> b
    java.lang.String carbohydrate_str -> c
    java.lang.String rqOb -> d
    java.lang.String rqDescription(double) -> a
co.breezing.module.eleven.reerq.SaveFinalDataFile -> co.breezing.module.b.a.c:
    java.lang.String tag -> a
    java.io.PrintWriter mCurrentFile -> b
    void saveFinalData(android.content.Context,co.breezing.module.nine.absorbcalc.SavedAbsorbData) -> a
    java.lang.String getDateTimeFile() -> a
co.breezing.module.eleven.reerq.SaveFinalDataFile$1 -> co.breezing.module.b.a.d:
    void onScanCompleted(java.lang.String,android.net.Uri) -> onScanCompleted
co.breezing.module.five.adaptionReference.AdaptionReference -> co.breezing.module.c.a.a:
    co.breezing.module.five.adaptionReference.AdaptionReference instance -> a
    double adaption_bf_ref_min -> b
    double adaption_bf_ref_max -> c
    double adaption_etv_ref_min -> d
    double adaption_etv_ref_max -> e
    double adaption_ve_ref_min -> f
    double adaption_ve_ref_max -> g
    java.lang.String tag -> h
    double getAdaption_bf_ref_min() -> a
    double getAdaption_bf_ref_max() -> b
    double getAdaption_etv_ref_min() -> c
    double getAdaption_etv_ref_max() -> d
    double getAdaption_ve_ref_min() -> e
    double getAdaption_ve_ref_max() -> f
    co.breezing.module.five.adaptionReference.AdaptionReference adaptionRefAlgo(double,double,java.lang.String,int) -> a
co.breezing.module.five.adaptionReference.ReeReference -> co.breezing.module.c.a.b:
    double[][] temp_mbr -> a
    java.lang.String tag -> b
    double ree_th_calculator$52f25f92(int,double,double) -> a
    int reeDescription(double,double) -> a
...
com.google.zxing.qrcode.decoder.DecodedBitStreamParser -> com.a.a.g.a.l:
    char[] ALPHANUMERIC_CHARS -> a
    com.google.zxing.common.DecoderResult decode(byte[],com.google.zxing.qrcode.decoder.Version,com.google.zxing.qrcode.decoder.ErrorCorrectionLevel,java.util.Map) -> a
    void decodeHanziSegment(com.google.zxing.common.BitSource,java.lang.StringBuilder,int) -> a
    void decodeKanjiSegment(com.google.zxing.common.BitSource,java.lang.StringBuilder,int) -> b
    void decodeByteSegment(com.google.zxing.common.BitSource,java.lang.StringBuilder,int,com.google.zxing.common.CharacterSetECI,java.util.Collection,java.util.Map) -> a
    char toAlphaNumericChar(int) -> a
    void decodeAlphanumericSegment(com.google.zxing.common.BitSource,java.lang.StringBuilder,int,boolean) -> a
    void decodeNumericSegment(com.google.zxing.common.BitSource,java.lang.StringBuilder,int) -> c
com.google.zxing.qrcode.decoder.Decoder -> com.a.a.g.a.m:
    com.google.zxing.common.reedsolomon.ReedSolomonDecoder rsDecoder -> a
    com.google.zxing.common.DecoderResult decode(com.google.zxing.common.BitMatrix,java.util.Map) -> a
com.google.zxing.qrcode.decoder.ErrorCorrectionLevel -> com.a.a.g.a.n:
    com.google.zxing.qrcode.decoder.ErrorCorrectionLevel L -> a
    com.google.zxing.qrcode.decoder.ErrorCorrectionLevel M -> b
    com.google.zxing.qrcode.decoder.ErrorCorrectionLevel Q -> c
    com.google.zxing.qrcode.decoder.ErrorCorrectionLevel H -> d
    com.google.zxing.qrcode.decoder.ErrorCorrectionLevel[] FOR_BITS -> e
    int bits -> f
    com.google.zxing.qrcode.decoder.ErrorCorrectionLevel[] $VALUES -> g
    com.google.zxing.qrcode.decoder.ErrorCorrectionLevel[] values() -> values
    com.google.zxing.qrcode.decoder.ErrorCorrectionLevel valueOf(java.lang.String) -> valueOf
    com.google.zxing.qrcode.decoder.ErrorCorrectionLevel forBits(int) -> a
com.google.zxing.qrcode.decoder.FormatInformation -> com.a.a.g.a.o:
    int[][] FORMAT_INFO_DECODE_LOOKUP -> a
    int[] BITS_SET_IN_HALF_BYTE -> b
    com.google.zxing.qrcode.decoder.ErrorCorrectionLevel errorCorrectionLevel -> c
    byte dataMask -> d
    int numBitsDiffering(int,int) -> a
    com.google.zxing.qrcode.decoder.FormatInformation decodeFormatInformation(int,int) -> b
    com.google.zxing.qrcode.decoder.FormatInformation doDecodeFormatInformation(int,int) -> c
    com.google.zxing.qrcode.decoder.ErrorCorrectionLevel getErrorCorrectionLevel() -> a
    byte getDataMask() -> b
    int hashCode() -> hashCode
    boolean equals(java.lang.Object) -> equals
com.google.zxing.qrcode.decoder.Mode -> com.a.a.g.a.p:
    com.google.zxing.qrcode.decoder.Mode TERMINATOR -> a
    com.google.zxing.qrcode.decoder.Mode NUMERIC -> b
    com.google.zxing.qrcode.decoder.Mode ALPHANUMERIC -> c
    com.google.zxing.qrcode.decoder.Mode STRUCTURED_APPEND -> d
    com.google.zxing.qrcode.decoder.Mode BYTE -> e
    com.google.zxing.qrcode.decoder.Mode ECI -> f
    com.google.zxing.qrcode.decoder.Mode KANJI -> g
    com.google.zxing.qrcode.decoder.Mode FNC1_FIRST_POSITION -> h
    com.google.zxing.qrcode.decoder.Mode FNC1_SECOND_POSITION -> i
    com.google.zxing.qrcode.decoder.Mode HANZI -> j
    int[] characterCountBitsForVersions -> k
    int bits -> l
    com.google.zxing.qrcode.decoder.Mode[] $VALUES -> m
    com.google.zxing.qrcode.decoder.Mode[] values() -> values
    com.google.zxing.qrcode.decoder.Mode valueOf(java.lang.String) -> valueOf
    com.google.zxing.qrcode.decoder.Mode forBits(int) -> a
    int getCharacterCountBits(com.google.zxing.qrcode.decoder.Version) -> a