proguard/usage.txt
co.breezing.module.BuildConfig
co.breezing.module.R
co.breezing.module.R$array
co.breezing.module.R$attr
co.breezing.module.R$color
co.breezing.module.R$dimen
co.breezing.module.R$drawable
co.breezing.module.R$id
co.breezing.module.R$layout
co.breezing.module.R$menu
co.breezing.module.R$raw
co.breezing.module.R$string
co.breezing.module.R$style
co.breezing.module.R$xml
co.breezing.module.eight.flowcalc.FlowCalculation:
    104:104:public int getFrequency()
co.breezing.module.eight.flowcalc.SaveBreathfreqFile:
    12:12:public SaveBreathfreqFile()
co.breezing.module.eleven.reerq.REERQCalc:
    43:43:public co.breezing.module.nine.absorbcalc.SavedAbsorbData getSavedAbsorbData()
co.breezing.module.eleven.reerq.RQDescription:
    3:3:public RQDescription()
co.breezing.module.eleven.reerq.SaveFinalDataFile:
    17:17:public SaveFinalDataFile()
co.breezing.module.five.adaptionReference.AdaptionReference:
    69:69:public static co.breezing.module.five.adaptionReference.AdaptionReference getInstance()
    73:74:public static void setInstance(co.breezing.module.five.adaptionReference.AdaptionReference)
co.breezing.module.five.adaptionReference.ReeReference:
    6:6:public ReeReference()
co.breezing.module.four.guidance.BfAndTimeFromFile:
    10:10:public BfAndTimeFromFile()
    17:17:public static java.lang.String getBreathFreq()
    21:22:public static void setBreathFreq(java.lang.String)
    25:25:public static java.lang.String getTime()
    29:30:public static void setTime(java.lang.String)
co.breezing.module.four.guidance.Biofeedback:
    58:63:public void playSoundOnce(int,float,int)
    67:69:public void changePlayRate(float)
co.breezing.module.four.guidance.Guidance:
    private static android.graphics.drawable.AnimationDrawable animation
    public static co.breezing.module.four.guidance.Biofeedback biofeedback
    10:10:static synthetic android.graphics.drawable.AnimationDrawable access$0()
co.breezing.module.four.guidance.Guidance$Starter
co.breezing.module.nine.absorbcalc.AbsorbanceCalc:
    95:95:public double getAbsorbance_co2_init()
co.breezing.module.nine.absorbcalc.SaveAbsorbDataFile:
    17:17:public SaveAbsorbDataFile()
co.breezing.module.nine.absorbcalc.SavePressureDataFile:
    17:17:public SavePressureDataFile()
co.breezing.module.nine.absorbcalc.SavedRawData:
    25:25:public static java.util.ArrayList getInstance_list()
    29:30:public static void setInstance_list(java.util.ArrayList)
    33:33:public int getIndex()
co.breezing.module.one.qrcode.QRcodeFromFile:
    10:10:public QRcodeFromFile()
    16:16:public static java.lang.String getQrcode()
    20:21:public static void setQrcode(java.lang.String)
co.breezing.module.one.qrcode.QRcodeParse:
    40:40:public java.lang.String getVersion_number()
    48:48:public java.lang.String getManufacture_date()
    56:56:public java.lang.String getPackage_number()
    64:64:public java.lang.String getCartridge_number()
    72:72:public java.lang.String getBreezing_unique_code()
co.breezing.module.one.qrcode.SaveQRFile:
    12:12:public SaveQRFile()
co.breezing.module.one.qrcode.thirdlib.capture.CaptureActivity:
    private static final long DEFAULT_INTENT_RESULT_DURATION_MS
    private static final java.lang.String PRODUCT_SEARCH_URL_PREFIX
    private static final java.lang.String PRODUCT_SEARCH_URL_SUFFIX
    private static final java.lang.String RETURN_URL_PARAM
    private java.lang.String versionName
    337:368:private void drawResultPoints(android.graphics.Bitmap,com.google.zxing.Result)
    372:373:private static void drawLine(android.graphics.Canvas,android.graphics.Paint,com.google.zxing.ResultPoint,com.google.zxing.ResultPoint)
    377:387:private void sendReplyMessage(int,java.lang.Object)
co.breezing.module.one.qrcode.thirdlib.capture.CaptureActivityHandler:
    public static int flag
co.breezing.module.one.qrcode.thirdlib.capture.DecodeFormatManager:
    49:50:private DecodeFormatManager()
...
com.google.zxing.client.result.ExpandedProductParsedResult
com.google.zxing.client.result.ExpandedProductResultParser
com.google.zxing.client.result.GeoParsedResult
com.google.zxing.client.result.GeoResultParser
com.google.zxing.client.result.ISBNParsedResult
com.google.zxing.client.result.ISBNResultParser
com.google.zxing.client.result.ParsedResult
com.google.zxing.client.result.ParsedResultType
com.google.zxing.client.result.ProductParsedResult
com.google.zxing.client.result.ProductResultParser
com.google.zxing.client.result.ResultParser
com.google.zxing.client.result.SMSMMSResultParser
com.google.zxing.client.result.SMSParsedResult
com.google.zxing.client.result.SMSTOMMSTOResultParser
com.google.zxing.client.result.SMTPResultParser
com.google.zxing.client.result.TelParsedResult
com.google.zxing.client.result.TelResultParser
com.google.zxing.client.result.TextParsedResult
com.google.zxing.client.result.URIParsedResult
com.google.zxing.client.result.URIResultParser
com.google.zxing.client.result.URLTOResultParser
com.google.zxing.client.result.VCardResultParser
com.google.zxing.client.result.VEventResultParser
com.google.zxing.client.result.WifiParsedResult
com.google.zxing.client.result.WifiResultParser
com.google.zxing.common.BitArray:
    44:44:public int getSizeInBytes()
    48:53:private void ensureCapacity(int)
    78:79:public void flip(int)
    134:135:public void setBulk(int,int)
    144:167:public void setRange(int,int)
    221:226:public void appendBit(boolean)
    234:241:public void appendBits(int,int)
    244:249:public void appendBitArray(com.google.zxing.common.BitArray)
    252:260:public void xor(com.google.zxing.common.BitArray)
    271:281:public void toBytes(int,byte[],int,int)
    288:288:public int[] getBitArray()
com.google.zxing.common.BitMatrix:
    94:98:public void clear()
    137:144:public com.google.zxing.common.BitArray getRow(int,com.google.zxing.common.BitArray)
    152:153:public void setRow(int,com.google.zxing.common.BitArray)
com.google.zxing.common.CharacterSetECI:
    91:91:public int getValue()
    113:113:public static com.google.zxing.common.CharacterSetECI getCharacterSetECIByName(java.lang.String)
com.google.zxing.common.GlobalHistogramBinarizer:
    private static final int LUMINANCE_BITS
    private static final int LUMINANCE_SHIFT
    private static final int LUMINANCE_BUCKETS
com.google.zxing.common.GridSampler:
    48:49:public static void setGridSampler(com.google.zxing.common.GridSampler)
com.google.zxing.common.HybridBinarizer:
    private static final int BLOCK_SIZE_POWER
    private static final int BLOCK_SIZE
    private static final int BLOCK_SIZE_MASK
    private static final int MINIMUM_DIMENSION
com.google.zxing.common.PerspectiveTransform:
    88:96:public void transformPoints(float[],float[])
com.google.zxing.common.StringUtils:
    public static final java.lang.String SHIFT_JIS
    public static final java.lang.String GB2312
    private static final java.lang.String EUC_JP
    private static final java.lang.String UTF8
    private static final java.lang.String ISO88591
    41:41:private StringUtils()
com.google.zxing.common.detector.MonochromeRectangleDetector
com.google.zxing.common.detector.WhiteRectangleDetector:
    private static final int INIT_SIZE
    private static final int CORR
com.google.zxing.common.reedsolomon.GenericGF:
    private static final int INITIALIZATION_THRESHOLD
com.google.zxing.common.reedsolomon.GenericGFPoly:
    70:70:int[] getCoefficients()
    201:223:com.google.zxing.common.reedsolomon.GenericGFPoly[] divide(com.google.zxing.common.reedsolomon.GenericGFPoly)
com.google.zxing.common.reedsolomon.ReedSolomonEncoder
com.google.zxing.datamatrix.DataMatrixReader:
    59:59:public com.google.zxing.Result decode(com.google.zxing.BinaryBitmap)
com.google.zxing.datamatrix.decoder.DecodedBitStreamParser:
    79:80:private DecodedBitStreamParser()